<?xml version="1.0" encoding="UTF-8"?>
<!-- Generated by org.testng.reporters.JUnitXMLReporter -->
<testsuite ignored="0" hostname="DESKTOP-LILEBQG" failures="0" tests="3" name="TestRunner2" time="0.112" errors="0" timestamp="2023-01-29T16:28:45 IST">
  <testcase classname="com.tesescripts.demoblaze.Sample2" name="test4" time="0.014"/>
  <testcase classname="com.tesescripts.demoblaze.Sample2" name="test5" time="0.001"/>
  <testcase classname="com.tesescripts.demoblaze.Sample2" name="test6" time="0.002"/>
</testsuite> <!-- TestRunner2 -->
