<?xml version="1.0" encoding="UTF-8"?>
<!-- Generated by org.testng.reporters.JUnitXMLReporter -->
<testsuite ignored="0" hostname="DESKTOP-LILEBQG" failures="1" tests="1" name="Testrunner-1" time="13.635" errors="0" timestamp="2023-02-11T12:05:46 IST">
  <testcase classname="com.tesescripts.demoblaze.launchamazonc" name="amazon" time="0.718">
    <failure type="org.openqa.selenium.StaleElementReferenceException" message="stale element reference: element is not attached to the page document
  (Session info: MicrosoftEdge=110.0.1587.41)
For documentation on this error, please visit: https://selenium.dev/exceptions/#stale_element_reference
Build info: version: &amp;apos;4.7.2&amp;apos;, revision: &amp;apos;4d4020c3b7&amp;apos;
System info: os.name: &amp;apos;Windows 10&amp;apos;, os.arch: &amp;apos;amd64&amp;apos;, os.version: &amp;apos;10.0&amp;apos;, java.version: &amp;apos;17.0.4.1&amp;apos;
Driver info: org.openqa.selenium.edge.EdgeDriver
Command: [d55dfcb38c6d89d022ef440bc620b99e, clickElement {id=8be3bff4-5437-45a1-aa95-03b38f55b05d}]
Capabilities {acceptInsecureCerts: false, browserName: msedge, browserVersion: 110.0.1587.41, ms:edgeOptions: {debuggerAddress: localhost:56504}, msedge: {msedgedriverVersion: 110.0.1587.41 (dec2c0803210..., userDataDir: C:\Users\DELL\AppData\Local...}, networkConnectionEnabled: false, pageLoadStrategy: normal, platformName: WINDOWS, proxy: Proxy(), se:cdp: ws://localhost:56504/devtoo..., se:cdpVersion: 110.0.1587.41, setWindowRect: true, strictFileInteractability: false, timeouts: {implicit: 0, pageLoad: 300000, script: 30000}, unhandledPromptBehavior: dismiss and notify, webauthn:extension:credBlob: true, webauthn:extension:largeBlob: true, webauthn:virtualAuthenticators: true}
Element: [[EdgeDriver: msedge on WINDOWS (d55dfcb38c6d89d022ef440bc620b99e)] -&amp;gt; xpath: //button[.=&amp;apos;✕&amp;apos;]]
Session ID: d55dfcb38c6d89d022ef440bc620b99e">
      <![CDATA[org.openqa.selenium.StaleElementReferenceException: stale element reference: element is not attached to the page document
  (Session info: MicrosoftEdge=110.0.1587.41)
For documentation on this error, please visit: https://selenium.dev/exceptions/#stale_element_reference
Build info: version: '4.7.2', revision: '4d4020c3b7'
System info: os.name: 'Windows 10', os.arch: 'amd64', os.version: '10.0', java.version: '17.0.4.1'
Driver info: org.openqa.selenium.edge.EdgeDriver
Command: [d55dfcb38c6d89d022ef440bc620b99e, clickElement {id=8be3bff4-5437-45a1-aa95-03b38f55b05d}]
Capabilities {acceptInsecureCerts: false, browserName: msedge, browserVersion: 110.0.1587.41, ms:edgeOptions: {debuggerAddress: localhost:56504}, msedge: {msedgedriverVersion: 110.0.1587.41 (dec2c0803210..., userDataDir: C:\Users\DELL\AppData\Local...}, networkConnectionEnabled: false, pageLoadStrategy: normal, platformName: WINDOWS, proxy: Proxy(), se:cdp: ws://localhost:56504/devtoo..., se:cdpVersion: 110.0.1587.41, setWindowRect: true, strictFileInteractability: false, timeouts: {implicit: 0, pageLoad: 300000, script: 30000}, unhandledPromptBehavior: dismiss and notify, webauthn:extension:credBlob: true, webauthn:extension:largeBlob: true, webauthn:virtualAuthenticators: true}
Element: [[EdgeDriver: msedge on WINDOWS (d55dfcb38c6d89d022ef440bc620b99e)] -> xpath: //button[.='✕']]
Session ID: d55dfcb38c6d89d022ef440bc620b99e
at org.openqa.selenium.remote.codec.w3c.W3CHttpResponseCodec.createException(W3CHttpResponseCodec.java:200)
at org.openqa.selenium.remote.codec.w3c.W3CHttpResponseCodec.decode(W3CHttpResponseCodec.java:133)
at org.openqa.selenium.remote.codec.w3c.W3CHttpResponseCodec.decode(W3CHttpResponseCodec.java:53)
at org.openqa.selenium.remote.HttpCommandExecutor.execute(HttpCommandExecutor.java:184)
at org.openqa.selenium.remote.service.DriverCommandExecutor.invokeExecute(DriverCommandExecutor.java:167)
at org.openqa.selenium.remote.service.DriverCommandExecutor.execute(DriverCommandExecutor.java:142)
at org.openqa.selenium.remote.RemoteWebDriver.execute(RemoteWebDriver.java:535)
at org.openqa.selenium.remote.RemoteWebElement.execute(RemoteWebElement.java:257)
at org.openqa.selenium.remote.RemoteWebElement.click(RemoteWebElement.java:78)
at com.tesescripts.demoblaze.launchamazonc.amazon(launchamazonc.java:17)
at java.base/java.util.ArrayList.forEach(ArrayList.java:1511)
at java.base/java.util.concurrent.FutureTask.run(FutureTask.java:264)
at java.base/java.util.concurrent.ThreadPoolExecutor.runWorker(ThreadPoolExecutor.java:1136)
at java.base/java.util.concurrent.ThreadPoolExecutor$Worker.run(ThreadPoolExecutor.java:635)
at java.base/java.lang.Thread.run(Thread.java:833)
... Removed 23 stack frames]]>
    </failure>
  </testcase> <!-- amazon -->
</testsuite> <!-- Testrunner-1 -->
