<?xml version="1.0" encoding="UTF-8"?>
<!-- Generated by org.testng.reporters.JUnitXMLReporter -->
<testsuite ignored="0" hostname="DESKTOP-LILEBQG" failures="0" tests="3" name="TestRunner1" time="0.12" errors="0" timestamp="2023-01-29T16:28:45 IST">
  <testcase classname="com.tesescripts.demoblaze.Sample1" name="test" time="0.014"/>
  <testcase classname="com.tesescripts.demoblaze.Sample1" name="test2" time="0.007"/>
  <testcase classname="com.tesescripts.demoblaze.Sample1" name="test3" time="0.002"/>
</testsuite> <!-- TestRunner1 -->
