<?xml version="1.0" encoding="UTF-8"?>
<!-- Generated by org.testng.reporters.JUnitXMLReporter -->
<testsuite ignored="0" hostname="DESKTOP-LILEBQG" failures="0" tests="1" name="Testrunner-1=" time="0.098" errors="0" timestamp="2023-02-11T07:06:21 IST">
  <testcase classname="com.genericlib.demoblaze.Base" name="@BeforeTest configBsTest" time="-1.676079381017E9">
    <failure type="org.testng.TestNGException" message="
Can inject only one of &amp;lt;ITestContext, XmlTest&amp;gt; into a @BeforeTest annotated configBsTest.
For more information on native dependency injection please refer to https://testng.org/doc/documentation-main.html#native-dependency-injection">
      <![CDATA[org.testng.TestNGException: 
Can inject only one of <ITestContext, XmlTest> into a @BeforeTest annotated configBsTest.
For more information on native dependency injection please refer to https://testng.org/doc/documentation-main.html#native-dependency-injection
at java.base/java.util.concurrent.FutureTask.run(FutureTask.java:264)
at java.base/java.util.concurrent.ThreadPoolExecutor.runWorker(ThreadPoolExecutor.java:1136)
at java.base/java.util.concurrent.ThreadPoolExecutor$Worker.run(ThreadPoolExecutor.java:635)
at java.base/java.lang.Thread.run(Thread.java:833)
... Removed 12 stack frames]]>
    </failure>
  </testcase> <!-- @BeforeTest configBsTest -->
  <testcase classname="com.genericlib.demoblaze.Base" name="@BeforeTest configBsTest" time="-1.676079381017E9">
    <failure type="org.testng.TestNGException" message="
Can inject only one of &amp;lt;ITestContext, XmlTest&amp;gt; into a @BeforeTest annotated configBsTest.
For more information on native dependency injection please refer to https://testng.org/doc/documentation-main.html#native-dependency-injection">
      <![CDATA[org.testng.TestNGException: 
Can inject only one of <ITestContext, XmlTest> into a @BeforeTest annotated configBsTest.
For more information on native dependency injection please refer to https://testng.org/doc/documentation-main.html#native-dependency-injection
at java.base/java.util.concurrent.FutureTask.run(FutureTask.java:264)
at java.base/java.util.concurrent.ThreadPoolExecutor.runWorker(ThreadPoolExecutor.java:1136)
at java.base/java.util.concurrent.ThreadPoolExecutor$Worker.run(ThreadPoolExecutor.java:635)
at java.base/java.lang.Thread.run(Thread.java:833)
... Removed 12 stack frames]]>
    </failure>
  </testcase> <!-- @BeforeTest configBsTest -->
  <testcase classname="com.genericlib.demoblaze.Base" name="@BeforeMethod configbmtest" time="-1.676079381081E9">
    <skipped/>
  </testcase> <!-- @BeforeMethod configbmtest -->
  <testcase classname="com.genericlib.demoblaze.Base" name="@BeforeMethod configbmtest" time="-1.676079381082E9">
    <skipped/>
  </testcase> <!-- @BeforeMethod configbmtest -->
  <testcase classname="com.genericlib.demoblaze.Base" name="@AfterMethod configAMTest" time="-1.676079381099E9">
    <skipped/>
  </testcase> <!-- @AfterMethod configAMTest -->
  <testcase classname="com.genericlib.demoblaze.Base" name="@AfterTest configAstest" time="-1.676079381107E9">
    <skipped/>
  </testcase> <!-- @AfterTest configAstest -->
  <testcase classname="com.genericlib.demoblaze.Base" name="@AfterMethod configAMTest" time="-1.676079381116E9">
    <skipped/>
  </testcase> <!-- @AfterMethod configAMTest -->
  <testcase classname="com.genericlib.demoblaze.Base" name="@AfterTest configAstest" time="-1.676079381128E9">
    <skipped/>
  </testcase> <!-- @AfterTest configAstest -->
  <testcase classname="com.tesescripts.demoblaze.addtocart" name="addtoCartTest" time="0.0">
    <skipped/>
  </testcase> <!-- addtoCartTest -->
</testsuite> <!-- Testrunner-1= -->
